<?xml version="1.0" encoding="UTF-8"?>
<testng-results ignored="0" total="1" passed="1" failed="0" skipped="0">
  <reporter-output>
  </reporter-output>
  <suite started-at="2024-06-12T12:48:03 IST" name="Default suite" finished-at="2024-06-12T12:48:24 IST" duration-ms="20686">
    <groups>
    </groups>
    <test started-at="2024-06-12T12:48:03 IST" name="Default test" finished-at="2024-06-12T12:48:24 IST" duration-ms="20686">
      <class name="Script.OTP_Test">
        <test-method is-config="true" signature="startServer()[pri:0, instance:Script.OTP_Test@45752059]" started-at="2024-06-12T12:48:03 IST" name="startServer" finished-at="2024-06-12T12:48:03 IST" duration-ms="174" status="PASS">
          <reporter-output>
          </reporter-output>
        </test-method> <!-- startServer -->
        <test-method is-config="true" signature="setup()[pri:0, instance:Script.OTP_Test@45752059]" started-at="2024-06-12T12:48:03 IST" name="setup" finished-at="2024-06-12T12:48:11 IST" duration-ms="8556" status="PASS">
          <reporter-output>
          </reporter-output>
        </test-method> <!-- setup -->
        <test-method signature="testContinueBtnAndEnterMobileNumber()[pri:0, instance:Script.OTP_Test@45752059]" started-at="2024-06-12T12:48:11 IST" name="testContinueBtnAndEnterMobileNumber" finished-at="2024-06-12T12:48:24 IST" duration-ms="12065" status="PASS">
          <reporter-output>
          </reporter-output>
        </test-method> <!-- testContinueBtnAndEnterMobileNumber -->
        <test-method is-config="true" signature="stopService()[pri:0, instance:Script.OTP_Test@45752059]" started-at="2024-06-12T12:48:24 IST" name="stopService" finished-at="2024-06-12T12:48:24 IST" duration-ms="63" status="PASS">
          <reporter-output>
          </reporter-output>
        </test-method> <!-- stopService -->
      </class> <!-- Script.OTP_Test -->
    </test> <!-- Default test -->
  </suite> <!-- Default suite -->
</testng-results>
