<?xml version="1.0" encoding="UTF-8"?>
<testng-results ignored="0" total="1" passed="0" failed="1" skipped="0">
  <reporter-output>
  </reporter-output>
  <suite started-at="2024-06-12T15:57:04 IST" name="Default suite" finished-at="2024-06-12T15:57:23 IST" duration-ms="19385">
    <groups>
    </groups>
    <test started-at="2024-06-12T15:57:04 IST" name="Default test" finished-at="2024-06-12T15:57:23 IST" duration-ms="19385">
      <class name="Script.OTP_Test">
        <test-method is-config="true" signature="startServer()[pri:0, instance:Script.OTP_Test@4c12331b]" started-at="2024-06-12T15:57:04 IST" name="startServer" finished-at="2024-06-12T15:57:04 IST" duration-ms="130" status="PASS">
          <reporter-output>
          </reporter-output>
        </test-method> <!-- startServer -->
        <test-method is-config="true" signature="setup()[pri:0, instance:Script.OTP_Test@4c12331b]" started-at="2024-06-12T15:57:04 IST" name="setup" finished-at="2024-06-12T15:57:10 IST" duration-ms="6259" status="PASS">
          <reporter-output>
          </reporter-output>
        </test-method> <!-- setup -->
        <test-method signature="testContinueBtnAndEnterMobileNumber()[pri:0, instance:Script.OTP_Test@4c12331b]" started-at="2024-06-12T15:57:10 IST" name="testContinueBtnAndEnterMobileNumber" finished-at="2024-06-12T15:57:23 IST" duration-ms="13065" status="FAIL">
          <exception class="org.openqa.selenium.InvalidElementStateException">
            <message>
              <![CDATA[Cannot set the element to '619212605'. Did you interact with the correct element?
Build info: version: '4.13.0', revision: 'ba948ece5b*'
System info: os.name: 'Windows 11', os.arch: 'amd64', os.version: '10.0', java.version: '17.0.6'
Driver info: io.appium.java_client.android.AndroidDriver
Command: [cdcf21d1-c7dd-4db1-8f19-ae89d249d2b0, sendKeysToElement {id=00000000-0000-0309-ffff-ffff00000034, value=[Ljava.lang.CharSequence;@319854f0}]
Capabilities {appium:UDID: 8HKZLB5PZTV44XYX, appium:appActivity: com.delhiveryConsigneeApp.M..., appium:appPackage: com.delhiveryConsigneeApp, appium:automationName: uiautomator2, appium:databaseEnabled: false, appium:desired: {UDID: 8HKZLB5PZTV44XYX, appActivity: com.delhiveryConsigneeApp.M..., appPackage: com.delhiveryConsigneeApp, automationName: uiautomator2, deviceName: POCO M4 Pro, platformName: ANDROID}, appium:deviceApiLevel: 33, appium:deviceManufacturer: Xiaomi, appium:deviceModel: 2201117PI, appium:deviceName: 8HKZLB5PZTV44XYX, appium:deviceScreenDensity: 440, appium:deviceScreenSize: 1080x2400, appium:deviceUDID: 8HKZLB5PZTV44XYX, appium:javascriptEnabled: true, appium:locationContextEnabled: false, appium:networkConnectionEnabled: true, appium:pixelRatio: 2.75, appium:platformVersion: 13, appium:statBarHeight: 93, appium:takesScreenshot: true, appium:viewportRect: {height: 2307, left: 0, top: 93, width: 1080}, appium:warnings: {}, appium:webStorageEnabled: false, platformName: ANDROID}
Element: [[AndroidDriver:  on ANDROID (cdcf21d1-c7dd-4db1-8f19-ae89d249d2b0)] -> xpath: //android.widget.ScrollView/android.view.ViewGroup/android.view.ViewGroup[2]]
Session ID: cdcf21d1-c7dd-4db1-8f19-ae89d249d2b0]]>
            </message>
            <full-stacktrace>
              <![CDATA[org.openqa.selenium.InvalidElementStateException: Cannot set the element to '619212605'. Did you interact with the correct element?
Build info: version: '4.13.0', revision: 'ba948ece5b*'
System info: os.name: 'Windows 11', os.arch: 'amd64', os.version: '10.0', java.version: '17.0.6'
Driver info: io.appium.java_client.android.AndroidDriver
Command: [cdcf21d1-c7dd-4db1-8f19-ae89d249d2b0, sendKeysToElement {id=00000000-0000-0309-ffff-ffff00000034, value=[Ljava.lang.CharSequence;@319854f0}]
Capabilities {appium:UDID: 8HKZLB5PZTV44XYX, appium:appActivity: com.delhiveryConsigneeApp.M..., appium:appPackage: com.delhiveryConsigneeApp, appium:automationName: uiautomator2, appium:databaseEnabled: false, appium:desired: {UDID: 8HKZLB5PZTV44XYX, appActivity: com.delhiveryConsigneeApp.M..., appPackage: com.delhiveryConsigneeApp, automationName: uiautomator2, deviceName: POCO M4 Pro, platformName: ANDROID}, appium:deviceApiLevel: 33, appium:deviceManufacturer: Xiaomi, appium:deviceModel: 2201117PI, appium:deviceName: 8HKZLB5PZTV44XYX, appium:deviceScreenDensity: 440, appium:deviceScreenSize: 1080x2400, appium:deviceUDID: 8HKZLB5PZTV44XYX, appium:javascriptEnabled: true, appium:locationContextEnabled: false, appium:networkConnectionEnabled: true, appium:pixelRatio: 2.75, appium:platformVersion: 13, appium:statBarHeight: 93, appium:takesScreenshot: true, appium:viewportRect: {height: 2307, left: 0, top: 93, width: 1080}, appium:warnings: {}, appium:webStorageEnabled: false, platformName: ANDROID}
Element: [[AndroidDriver:  on ANDROID (cdcf21d1-c7dd-4db1-8f19-ae89d249d2b0)] -> xpath: //android.widget.ScrollView/android.view.ViewGroup/android.view.ViewGroup[2]]
Session ID: cdcf21d1-c7dd-4db1-8f19-ae89d249d2b0
at java.base/jdk.internal.reflect.NativeConstructorAccessorImpl.newInstance0(Native Method)
at java.base/jdk.internal.reflect.NativeConstructorAccessorImpl.newInstance(NativeConstructorAccessorImpl.java:77)
at java.base/jdk.internal.reflect.DelegatingConstructorAccessorImpl.newInstance(DelegatingConstructorAccessorImpl.java:45)
at java.base/java.lang.reflect.Constructor.newInstanceWithCaller(Constructor.java:499)
at java.base/java.lang.reflect.Constructor.newInstance(Constructor.java:480)
at org.openqa.selenium.remote.codec.w3c.W3CHttpResponseCodec.createException(W3CHttpResponseCodec.java:200)
at org.openqa.selenium.remote.codec.w3c.W3CHttpResponseCodec.decode(W3CHttpResponseCodec.java:133)
at org.openqa.selenium.remote.codec.w3c.W3CHttpResponseCodec.decode(W3CHttpResponseCodec.java:52)
at org.openqa.selenium.remote.HttpCommandExecutor.execute(HttpCommandExecutor.java:191)
at io.appium.java_client.remote.AppiumCommandExecutor.execute(AppiumCommandExecutor.java:250)
at org.openqa.selenium.remote.RemoteWebDriver.execute(RemoteWebDriver.java:602)
at org.openqa.selenium.remote.RemoteWebElement.execute(RemoteWebElement.java:224)
at org.openqa.selenium.remote.RemoteWebElement.sendKeys(RemoteWebElement.java:111)
at java.base/jdk.internal.reflect.NativeMethodAccessorImpl.invoke0(Native Method)
at java.base/jdk.internal.reflect.NativeMethodAccessorImpl.invoke(NativeMethodAccessorImpl.java:77)
at java.base/jdk.internal.reflect.DelegatingMethodAccessorImpl.invoke(DelegatingMethodAccessorImpl.java:43)
at java.base/java.lang.reflect.Method.invoke(Method.java:568)
at org.openqa.selenium.support.pagefactory.internal.LocatingElementHandler.invoke(LocatingElementHandler.java:51)
at jdk.proxy2/jdk.proxy2.$Proxy16.sendKeys(Unknown Source)
at delhivery_Page.Delhivery_Page.enterOTP(Delhivery_Page.java:67)
at Script.OTP_Test.testContinueBtnAndEnterMobileNumber(OTP_Test.java:19)
at java.base/jdk.internal.reflect.NativeMethodAccessorImpl.invoke0(Native Method)
at java.base/jdk.internal.reflect.NativeMethodAccessorImpl.invoke(NativeMethodAccessorImpl.java:77)
at java.base/jdk.internal.reflect.DelegatingMethodAccessorImpl.invoke(DelegatingMethodAccessorImpl.java:43)
at java.base/java.lang.reflect.Method.invoke(Method.java:568)
at org.testng.internal.invokers.MethodInvocationHelper.invokeMethod(MethodInvocationHelper.java:139)
at org.testng.internal.invokers.TestInvoker.invokeMethod(TestInvoker.java:664)
at org.testng.internal.invokers.TestInvoker.invokeTestMethod(TestInvoker.java:227)
at org.testng.internal.invokers.MethodRunner.runInSequence(MethodRunner.java:50)
at org.testng.internal.invokers.TestInvoker$MethodInvocationAgent.invoke(TestInvoker.java:957)
at org.testng.internal.invokers.TestInvoker.invokeTestMethods(TestInvoker.java:200)
at org.testng.internal.invokers.TestMethodWorker.invokeTestMethods(TestMethodWorker.java:148)
at org.testng.internal.invokers.TestMethodWorker.run(TestMethodWorker.java:128)
at java.base/java.util.ArrayList.forEach(ArrayList.java:1511)
at org.testng.TestRunner.privateRun(TestRunner.java:848)
at org.testng.TestRunner.run(TestRunner.java:621)
at org.testng.SuiteRunner.runTest(SuiteRunner.java:443)
at org.testng.SuiteRunner.runSequentially(SuiteRunner.java:437)
at org.testng.SuiteRunner.privateRun(SuiteRunner.java:397)
at org.testng.SuiteRunner.run(SuiteRunner.java:336)
at org.testng.SuiteRunnerWorker.runSuite(SuiteRunnerWorker.java:52)
at org.testng.SuiteRunnerWorker.run(SuiteRunnerWorker.java:95)
at org.testng.TestNG.runSuitesSequentially(TestNG.java:1280)
at org.testng.TestNG.runSuitesLocally(TestNG.java:1200)
at org.testng.TestNG.runSuites(TestNG.java:1114)
at org.testng.TestNG.run(TestNG.java:1082)
at org.testng.remote.AbstractRemoteTestNG.run(AbstractRemoteTestNG.java:115)
at org.testng.remote.RemoteTestNG.initAndRun(RemoteTestNG.java:251)
at org.testng.remote.RemoteTestNG.main(RemoteTestNG.java:77)
]]>
            </full-stacktrace>
          </exception> <!-- org.openqa.selenium.InvalidElementStateException -->
          <reporter-output>
          </reporter-output>
        </test-method> <!-- testContinueBtnAndEnterMobileNumber -->
        <test-method is-config="true" signature="stopService()[pri:0, instance:Script.OTP_Test@4c12331b]" started-at="2024-06-12T15:57:23 IST" name="stopService" finished-at="2024-06-12T15:57:23 IST" duration-ms="58" status="PASS">
          <reporter-output>
          </reporter-output>
        </test-method> <!-- stopService -->
      </class> <!-- Script.OTP_Test -->
    </test> <!-- Default test -->
  </suite> <!-- Default suite -->
</testng-results>
